0 info it worked if it ends with ok
1 verbose cli [ '/usr/bin/nodejs', '/usr/bin/npm', 'publish' ]
2 info using npm@3.10.10
3 info using node@v6.9.5
4 verbose publish [ '.' ]
5 silly cache add args [ '.', null ]
6 verbose cache add spec .
7 silly cache add parsed spec Result {
7 silly cache add   raw: '.',
7 silly cache add   scope: null,
7 silly cache add   escapedName: null,
7 silly cache add   name: null,
7 silly cache add   rawSpec: '.',
7 silly cache add   spec: '/mnt/c/Dev/react-introjs',
7 silly cache add   type: 'directory' }
8 verbose addLocalDirectory /home/anchen/.npm/react-introjs/1.0.21/package.tgz not in flight; packing
9 verbose correctMkdir /home/anchen/.npm correctMkdir not in flight; initializing
10 info lifecycle react-introjs@1.0.21~prepublish: react-introjs@1.0.21
11 verbose lifecycle react-introjs@1.0.21~prepublish: unsafe-perm in lifecycle true
12 verbose lifecycle react-introjs@1.0.21~prepublish: PATH: /usr/lib/node_modules/npm/bin/node-gyp-bin:/mnt/c/Dev/react-introjs/node_modules/.bin:/usr/local/bin:/usr/bin:/bin:/usr/local/games:/usr/games
13 verbose lifecycle react-introjs@1.0.21~prepublish: CWD: /mnt/c/Dev/react-introjs
14 silly lifecycle react-introjs@1.0.21~prepublish: Args: [ '-c', 'npm run build' ]
15 silly lifecycle react-introjs@1.0.21~prepublish: Returned: code: 1  signal: null
16 info lifecycle react-introjs@1.0.21~prepublish: Failed to exec prepublish script
17 error addLocal Could not install /mnt/c/Dev/react-introjs
18 verbose stack Error: react-introjs@1.0.21 prepublish: `npm run build`
18 verbose stack Exit status 1
18 verbose stack     at EventEmitter.<anonymous> (/usr/lib/node_modules/npm/lib/utils/lifecycle.js:255:16)
18 verbose stack     at emitTwo (events.js:106:13)
18 verbose stack     at EventEmitter.emit (events.js:191:7)
18 verbose stack     at ChildProcess.<anonymous> (/usr/lib/node_modules/npm/lib/utils/spawn.js:40:14)
18 verbose stack     at emitTwo (events.js:106:13)
18 verbose stack     at ChildProcess.emit (events.js:191:7)
18 verbose stack     at maybeClose (internal/child_process.js:877:16)
18 verbose stack     at Process.ChildProcess._handle.onexit (internal/child_process.js:226:5)
19 verbose pkgid react-introjs@1.0.21
20 verbose cwd /mnt/c/Dev/react-introjs
21 error Linux 3.4.0+
22 error argv "/usr/bin/nodejs" "/usr/bin/npm" "publish"
23 error node v6.9.5
24 error npm  v3.10.10
25 error code ELIFECYCLE
26 error react-introjs@1.0.21 prepublish: `npm run build`
26 error Exit status 1
27 error Failed at the react-introjs@1.0.21 prepublish script 'npm run build'.
27 error Make sure you have the latest version of node.js and npm installed.
27 error If you do, this is most likely a problem with the react-introjs package,
27 error not with npm itself.
27 error Tell the author that this fails on your system:
27 error     npm run build
27 error You can get information on how to open an issue for this project with:
27 error     npm bugs react-introjs
27 error Or if that isn't available, you can get their info via:
27 error     npm owner ls react-introjs
27 error There is likely additional logging output above.
28 verbose exit [ 1, true ]
